====================Start of the User detail =======================================


 UserName :Francieli Menezes  UserID: 73710230 CreationDate: Sat Sep 12 19:03:32 +0000 2009  ScreenName: Franci_oliver
====================================================================================
MessageID :872561813455503362 CreationDate: Wed Jun 07 21:12:02 +0000 2017 Text:  RT @biebermaniasbra: Foto de Justin Bieber em Stavanger, Noruega. - 07 de Junho.

#Justin4MMVA https://t.co/6Xo5aU3r8N


 UserName :lia  UserID: 158722400 CreationDate: Wed Jun 23 12:33:01 +0000 2010  ScreenName: bangerzjjdb
====================================================================================
MessageID :872561839707762690 CreationDate: Wed Jun 07 21:12:08 +0000 2017 Text:  RT @byjeliebers: 8. tava indo bem demais pra ser justin bieber https://t.co/JfeZy85ERK


 UserName :Maxima953fm  UserID: 180112098 CreationDate: Wed Aug 18 21:33:43 +0000 2010  ScreenName: Maxima953fm
====================================================================================
MessageID :872561786477842434 CreationDate: Wed Jun 07 21:11:55 +0000 2017 Text:  Ed Sheeran cuenta la insólita petición que Justin Bieber le hizo en Tokio https://t.co/jxikdd35xT


 UserName :Trude Hell  UserID: 192136407 CreationDate: Sat Sep 18 08:29:40 +0000 2010  ScreenName: Trudehell
====================================================================================
MessageID :872561831876931588 CreationDate: Wed Jun 07 21:12:06 +0000 2017 Text:  Hva skal vi vel med terrorister og deres ideologi? 
Vi klarer fint å ødelegge konserter på egen hånd, vi!

https://t.co/tT7jNL016W


 UserName :Réka Gyöngyösi  UserID: 209092760 CreationDate: Thu Oct 28 14:05:26 +0000 2010  ScreenName: rekagyongyosi15
====================================================================================
MessageID :872561862692491265 CreationDate: Wed Jun 07 21:12:14 +0000 2017 Text:  The new Justin Bieber and David Guetta song is just too good!! 😍 #justinbieber #justinbieberu2 #2U 👄 https://t.co/B8NWw6fi6P


 UserName :I SAW HIM  UserID: 212375312 CreationDate: Fri Nov 05 22:25:29 +0000 2010  ScreenName: Pati95Poland
====================================================================================
MessageID :872561787614396416 CreationDate: Wed Jun 07 21:11:56 +0000 2017 Text:  All 3 💯 https://t.co/HEDGQI8kYx


 UserName :Tata  UserID: 262198036 CreationDate: Mon Mar 07 15:29:51 +0000 2011  ScreenName: Misscabeyou
====================================================================================
MessageID :872561815988948992 CreationDate: Wed Jun 07 21:12:03 +0000 2017 Text:  RT @JBCrewTour: "Have any of you tried the rides? That one? It looks like trouble!" - Justin Bieber, tonight talking about the Ferris wheel.
MessageID :872561862759591937 CreationDate: Wed Jun 07 21:12:14 +0000 2017 Text:  RT @JBCrewTour: (28) Another video of Justin Bieber onstage performing at the #PurposeTour at Den Store Sommerfesten. (June 7) https://t.co…


 UserName :PURPOSE❤♛  UserID: 306388398 CreationDate: Fri May 27 19:59:38 +0000 2011  ScreenName: BTRilove
====================================================================================
MessageID :872561793947848704 CreationDate: Wed Jun 07 21:11:57 +0000 2017 Text:  RT @JBCrewTour: (28) Another video of Justin Bieber onstage performing at the #PurposeTour at Den Store Sommerfesten. (June 7) https://t.co…


 UserName :Chapter  UserID: 364439922 CreationDate: Mon Aug 29 19:34:24 +0000 2011  ScreenName: ItsChapter
====================================================================================
MessageID :872561864668061697 CreationDate: Wed Jun 07 21:12:14 +0000 2017 Text:  @jade_xmikeyz Justin Bieber lover faggot


 UserName :Vicky // TYSM JUSTIN  UserID: 388427339 CreationDate: Mon Oct 10 18:40:13 +0000 2011  ScreenName: JBxJanos
====================================================================================
MessageID :872561895412256769 CreationDate: Wed Jun 07 21:12:21 +0000 2017 Text:  RT @JBCrewdotcom: Justin Bieber via Bkstg: https://t.co/dl06QCbZCO


 UserName :mah  UserID: 403501444 CreationDate: Wed Nov 02 15:52:39 +0000 2011  ScreenName: WhatBieber1
====================================================================================
MessageID :872561881847869440 CreationDate: Wed Jun 07 21:12:18 +0000 2017 Text:  RT @BiebersCrewBR: VÍDEO | Justin Bieber performando com a Purpose Tour no Sommerfesten, em Stavanger, Noruega  (07.06)

#Justin4MMVA https…


 UserName :Justin Bieber Things  UserID: 414391612 CreationDate: Thu Nov 17 00:30:55 +0000 2011  ScreenName: JustinBieber4v
====================================================================================
MessageID :872561850067451904 CreationDate: Wed Jun 07 21:12:11 +0000 2017 Text:  ❤❤#Bieber #HomeDecor Justin Bieber 50"x 60" Purple Fleece Throw Blanket Cover Star Heart Music #JustinBieber #Deals… https://t.co/JXaaqecobV


 UserName :HE FOLLOWED 😍  UserID: 418087633 CreationDate: Mon Nov 21 18:54:34 +0000 2011  ScreenName: Keysi_Belieber
====================================================================================
MessageID :872561770124247040 CreationDate: Wed Jun 07 21:11:52 +0000 2017 Text:  RT @JBCrewTour: (23) More photos of Justin Bieber onstage performing at the #PurposeTour at Den Store Sommerfesten in Stavanger, No… 


 UserName :My World Follows  UserID: 422258535 CreationDate: Sun Nov 27 01:30:32 +0000 2011  ScreenName: Squirrauhls
====================================================================================
MessageID :872561771222937600 CreationDate: Wed Jun 07 21:11:52 +0000 2017 Text:  RT @purposedrought: if your friends don't hype you up the way Justin Bieber is hyping up his dancers are they really your friends? https://…


 UserName :Anthony kelly  UserID: 423647128 CreationDate: Mon Nov 28 19:25:20 +0000 2011  ScreenName: anthonykelly30
====================================================================================
MessageID :872561814663516161 CreationDate: Wed Jun 07 21:12:02 +0000 2017 Text:  RT @arron_crascall: When You Hate A Song But Then It Hits You!!!! 🎧 
((Bieber &amp; Spanish NAILED)) 😂 https://t.co/mXm7YbCuLA


 UserName :sweet  UserID: 426184307 CreationDate: Thu Dec 01 23:04:09 +0000 2011  ScreenName: BIEBERTHOR
====================================================================================
MessageID :872561876542029824 CreationDate: Wed Jun 07 21:12:17 +0000 2017 Text:  RT @byjeliebers: 28. será que os seguranças também são pagos pra poder aturar justin bieber? https://t.co/c8yNLjxbmT


 UserName :B I E B E R  UserID: 440281806 CreationDate: Sun Dec 18 20:01:49 +0000 2011  ScreenName: dorkforbiebs
====================================================================================
MessageID :872561895429066752 CreationDate: Wed Jun 07 21:12:21 +0000 2017 Text:  RT @JBCrewdotcom: Photo of Justin Bieber out in Stavanger, Norway today. (June 7) https://t.co/bjDKcHvn6I


 UserName :Bieber Crew Brasil  UserID: 453365444 CreationDate: Mon Jan 02 21:13:02 +0000 2012  ScreenName: BiebersCrewBR
====================================================================================
MessageID :872561776533147648 CreationDate: Wed Jun 07 21:11:53 +0000 2017 Text:  VÍDEO | Justin Bieber performando com a Purpose Tour no Sommerfesten, em Stavanger, Noruega  (07.06)

#Justin4MMVA https://t.co/T2ifLZFCyE


 UserName :paula  UserID: 542681407 CreationDate: Sun Apr 01 16:52:06 +0000 2012  ScreenName: ipurpose5h
====================================================================================
MessageID :872561821139574785 CreationDate: Wed Jun 07 21:12:04 +0000 2017 Text:  RT @JBCrewdotcom: Justin Bieber via Bkstg: https://t.co/dl06QCbZCO


 UserName :ingrid ®©  UserID: 580269423 CreationDate: Mon May 14 19:56:57 +0000 2012  ScreenName: ingridmanhardt
====================================================================================
MessageID :872561861555826688 CreationDate: Wed Jun 07 21:12:13 +0000 2017 Text:  RT @beenflatline: justin bieber inventou o conceito de obra de arte fora do museu https://t.co/CCvGLbik6K


 UserName :سلمى  UserID: 596787206 CreationDate: Fri Jun 01 20:45:42 +0000 2012  ScreenName: risingmendez
====================================================================================
MessageID :872561851166593024 CreationDate: Wed Jun 07 21:12:11 +0000 2017 Text:  RT @Aziadonis: Vendredi Bieber il va sortir un hit mondial qui va rester numéro 1 pendant tout l'été mais ca va continuer à l'insulter de p…


 UserName :cat  UserID: 636241267 CreationDate: Sun Jul 15 15:01:40 +0000 2012  ScreenName: balmat74
====================================================================================
MessageID :872561835047866371 CreationDate: Wed Jun 07 21:12:07 +0000 2017 Text:  RT @JBCrewdotcom: Have you received the recent newsletter from Justin Bieber about his new Purpose The Stadium Tour merchandise? https://t.…


 UserName :gabriel ♛  UserID: 794323963 CreationDate: Fri Aug 31 17:34:14 +0000 2012  ScreenName: drewingne
====================================================================================
MessageID :872561782505820160 CreationDate: Wed Jun 07 21:11:55 +0000 2017 Text:  RT @byjeliebers: 8. tava indo bem demais pra ser justin bieber https://t.co/JfeZy85ERK


 UserName :bringsense8back  UserID: 881965555 CreationDate: Mon Oct 15 09:31:47 +0000 2012  ScreenName: shjiley
====================================================================================
MessageID :872561891255738368 CreationDate: Wed Jun 07 21:12:20 +0000 2017 Text:  RT @JBCrewdotcom: Justin Bieber granted a wish for a fan with Make-A-Wish after his #PurposeTour in Aarhus. Here is the experience fr… 


 UserName :Mrs.Bieber  UserID: 900259230 CreationDate: Tue Oct 23 17:26:19 +0000 2012  ScreenName: damlaaltnz
====================================================================================
MessageID :872561879687811072 CreationDate: Wed Jun 07 21:12:18 +0000 2017 Text:  RT @JBCrewdotcom: Justin Bieber via Bkstg: https://t.co/dl06QCbZCO


 UserName :cAroline loves jb  UserID: 1004001216 CreationDate: Tue Dec 11 13:10:41 +0000 2012  ScreenName: kidjournaIs
====================================================================================
MessageID :872561814642589697 CreationDate: Wed Jun 07 21:12:02 +0000 2017 Text:  RT @JBCrewdotcom: Justin Bieber via Bkstg: https://t.co/dl06QCbZCO


 UserName :Justin Bieber News  UserID: 1081628394 CreationDate: Sat Jan 12 03:02:11 +0000 2013  ScreenName: BiebsPeru
====================================================================================
MessageID :872561862600208384 CreationDate: Wed Jun 07 21:12:14 +0000 2017 Text:  Justin Bieber via Bkstg: https://t.co/OCt1N03Wqj


 UserName :pedro  UserID: 1125693408 CreationDate: Sun Jan 27 17:38:10 +0000 2013  ScreenName: pedrocasz
====================================================================================
MessageID :872561886214139904 CreationDate: Wed Jun 07 21:12:19 +0000 2017 Text:  A sara sampaio vai entrar no próximo videoclip do bieber, venho por este meio demonstrar a minha indignação


 UserName :JustinBieberCrew.com  UserID: 1239313056 CreationDate: Sun Mar 03 16:46:37 +0000 2013  ScreenName: JBCrewdotcom
====================================================================================
MessageID :872561873161474052 CreationDate: Wed Jun 07 21:12:16 +0000 2017 Text:  Photo of Justin Bieber out in Stavanger, Norway today. (June 7) https://t.co/bjDKcHvn6I


 UserName :BELIEBER #2U  UserID: 1428341545 CreationDate: Tue May 14 16:57:56 +0000 2013  ScreenName: GabyLovelua
====================================================================================
MessageID :872561886830755841 CreationDate: Wed Jun 07 21:12:19 +0000 2017 Text:  RT @JBCrewdotcom: Justin Bieber via Bkstg: https://t.co/dl06QCbZCO


 UserName :ㅤ  UserID: 1624160184 CreationDate: Sat Jul 27 00:26:37 +0000 2013  ScreenName: canbeliebers
====================================================================================
MessageID :872561826768322560 CreationDate: Wed Jun 07 21:12:05 +0000 2017 Text:  RT @JBCrewdotcom: Justin Bieber via Bkstg: https://t.co/dl06QCbZCO


 UserName :💜🍑🌸  UserID: 1967026092 CreationDate: Thu Oct 17 15:31:16 +0000 2013  ScreenName: tamcmch_
====================================================================================
MessageID :872561812302155781 CreationDate: Wed Jun 07 21:12:02 +0000 2017 Text:  RT @JBCrewTour: (26) Another video of Justin Bieber onstage performing at the #PurposeTour at Den Store Sommerfesten. (June 7) https://t.co…


 UserName :Bryan I hate u  UserID: 2234708540 CreationDate: Sat Dec 07 15:45:26 +0000 2013  ScreenName: LikeAPlasticFag
====================================================================================
MessageID :872561875480969217 CreationDate: Wed Jun 07 21:12:17 +0000 2017 Text:  David Guetta feat JUSTIN BIEBER. https://t.co/u9f09d9Hem


 UserName :bean  UserID: 2273288983 CreationDate: Thu Jan 02 16:58:27 +0000 2014  ScreenName: IifeswIiving
====================================================================================
MessageID :872561831369420800 CreationDate: Wed Jun 07 21:12:06 +0000 2017 Text:  RT @byjeliebers: 28. será que os seguranças também são pagos pra poder aturar justin bieber? https://t.co/c8yNLjxbmT


 UserName :Mimah  UserID: 2276417276 CreationDate: Sat Jan 04 17:35:34 +0000 2014  ScreenName: mimhr
====================================================================================
MessageID :872561890991366144 CreationDate: Wed Jun 07 21:12:20 +0000 2017 Text:  same https://t.co/bqY5pfHtmK


 UserName :Alexandria  UserID: 2391843452 CreationDate: Sun Mar 16 00:56:30 +0000 2014  ScreenName: alandgrebe2009
====================================================================================
MessageID :872561832808112128 CreationDate: Wed Jun 07 21:12:07 +0000 2017 Text:  RT @JBCrewTour: (28) Another video of Justin Bieber onstage performing at the #PurposeTour at Den Store Sommerfesten. (June 7) https://t.co…


 UserName :66 days  UserID: 2426090648 CreationDate: Thu Apr 03 19:31:01 +0000 2014  ScreenName: kidrauhl7613
====================================================================================
MessageID :872561771042746368 CreationDate: Wed Jun 07 21:11:52 +0000 2017 Text:  RT @JBCrewTour: (15) Another video of Justin Bieber onstage performing at the #PurposeTour at Den Store Sommerfesten in Stavanger,… 
MessageID :872561783046909952 CreationDate: Wed Jun 07 21:11:55 +0000 2017 Text:  RT @JBCrewTour: (14) Another video of Justin Bieber onstage performing at the #PurposeTour at Den Store Sommerfesten in Stavanger,… 
MessageID :872561791078977536 CreationDate: Wed Jun 07 21:11:57 +0000 2017 Text:  RT @JBCrewTour: Justin Bieber is currently onstage performing "Let Me Love You" at the #PurposeTour at Den Store Sommerfesten in Stavanger,…
MessageID :872561800096747521 CreationDate: Wed Jun 07 21:11:59 +0000 2017 Text:  RT @JBCrewTour: (13) Another video of Justin Bieber onstage performing at the #PurposeTour at Den Store Sommerfesten in Stavanger,… 
MessageID :872561810578313216 CreationDate: Wed Jun 07 21:12:01 +0000 2017 Text:  RT @JBCrewTour: (14) Another video of Justin Bieber onstage performing at the #PurposeTour at Den Store Sommerfesten in Stavanger,… 
MessageID :872561819294072832 CreationDate: Wed Jun 07 21:12:03 +0000 2017 Text:  RT @JBCrewTour: (12) Another video of Justin Bieber onstage performing at the #PurposeTour at Den Store Sommerfesten in Stavanger,… 


 UserName :belieber👧  UserID: 2513165156 CreationDate: Wed May 21 17:26:34 +0000 2014  ScreenName: BMariooma
====================================================================================
MessageID :872561804236509184 CreationDate: Wed Jun 07 21:12:00 +0000 2017 Text:  RT @JBCrewTour: (19) Another photo of Justin Bieber onstage performing at the #PurposeTour at Den Store Sommerfesten in Stavanger,… 
MessageID :872561817301733377 CreationDate: Wed Jun 07 21:12:03 +0000 2017 Text:  RT @JBCrewTour: "Alright, alright, alright." - Justin Bieber tying shoe lace for the second time tonight. Haha!
MessageID :872561830501261314 CreationDate: Wed Jun 07 21:12:06 +0000 2017 Text:  RT @JBCrewTour: "Have any of you tried the rides? That one? It looks like trouble!" - Justin Bieber, tonight talking about the Ferris wheel.
MessageID :872561850545844225 CreationDate: Wed Jun 07 21:12:11 +0000 2017 Text:  RT @JBCrewTour: (20) More photos of Justin Bieber onstage performing at the #PurposeTour at Den Store Sommerfesten in Stavanger, No… 
MessageID :872561869541838849 CreationDate: Wed Jun 07 21:12:15 +0000 2017 Text:  RT @JBCrewTour: (28) Another video of Justin Bieber onstage performing at the #PurposeTour at Den Store Sommerfesten. (June 7) https://t.co…


 UserName :Liz JB 🌙  UserID: 2831018350 CreationDate: Wed Oct 15 02:54:56 +0000 2014  ScreenName: justinbjim
====================================================================================
MessageID :872561882577686529 CreationDate: Wed Jun 07 21:12:18 +0000 2017 Text:  RT @JBCrewTour: (23) More photos of Justin Bieber onstage performing at the #PurposeTour at Den Store Sommerfesten in Stavanger, No… 


 UserName :x  UserID: 2859397835 CreationDate: Mon Nov 03 19:42:10 +0000 2014  ScreenName: camilxcc1
====================================================================================
MessageID :872561878471512064 CreationDate: Wed Jun 07 21:12:17 +0000 2017 Text:  RT @arianasharmoni: justin bieber &amp; camila cabello - despacito https://t.co/ifxW527UUW


 UserName :LOVE LOVE LOVE LOVE  UserID: 2866503637 CreationDate: Mon Oct 20 05:25:27 +0000 2014  ScreenName: bizzlelily
====================================================================================
MessageID :872561835160911872 CreationDate: Wed Jun 07 21:12:07 +0000 2017 Text:  RT @JBCrewTour: Just check out that crowd at Den Store Sommerfesten in Stavanger, Norway! They're ready for Justin Bieber after Mar… 


 UserName :simra  UserID: 2980046826 CreationDate: Tue Jan 13 16:35:08 +0000 2015  ScreenName: lonelyjournals
====================================================================================
MessageID :872561832388579328 CreationDate: Wed Jun 07 21:12:06 +0000 2017 Text:  it's official. My mother is a Justin Bieber fan and she is excited for #2U 😌


 UserName :Vanessa Belieber  UserID: 2993108859 CreationDate: Thu Jan 22 22:35:17 +0000 2015  ScreenName: BabyvaneyAnne
====================================================================================
MessageID :872561871802576896 CreationDate: Wed Jun 07 21:12:16 +0000 2017 Text:  RT @OnAirWithRyan: MY BODY IS READY @justinbieber @davidguetta 🙌
 https://t.co/H78T2K8xq5


 UserName :limit of the Mütüş  UserID: 3398771409 CreationDate: Sat Aug 01 15:07:09 +0000 2015  ScreenName: imcalmgirlbitch
====================================================================================
MessageID :872561832648732673 CreationDate: Wed Jun 07 21:12:06 +0000 2017 Text:  limitli | Carly Rae Jepsen ft Justin Bieber - Beautiful


 UserName :marie  UserID: 3431645170 CreationDate: Wed Aug 19 14:57:46 +0000 2015  ScreenName: dudaafabris
====================================================================================
MessageID :872561829180051457 CreationDate: Wed Jun 07 21:12:06 +0000 2017 Text:  RT @CAPRICHO: Angel da Victoria’s Secret lança prévia de novo single de Bieber https://t.co/ySL9YDruhC https://t.co/roFQBQHIdy


 UserName :JB Projetoo  UserID: 3458591554 CreationDate: Thu Aug 27 14:30:41 +0000 2015  ScreenName: JBprojetoo2
====================================================================================
MessageID :872561791020216320 CreationDate: Wed Jun 07 21:11:57 +0000 2017 Text:  RT @OnAirWithRyan: MY BODY IS READY @justinbieber @davidguetta 🙌
 https://t.co/H78T2K8xq5


 UserName :-9 DWTour♡  UserID: 4557779477 CreationDate: Mon Dec 21 14:28:25 +0000 2015  ScreenName: Andysinmasyt
====================================================================================
MessageID :872561824016867330 CreationDate: Wed Jun 07 21:12:04 +0000 2017 Text:  RT @SmileUsKidrauhl: Que se prepare el mundo para otro número 1 de Justin Bieber https://t.co/wkCaAiM8rC


 UserName :Bá🐥  UserID: 4595115142 CreationDate: Fri Dec 25 01:36:42 +0000 2015  ScreenName: babamacedo1
====================================================================================
MessageID :872561842308222979 CreationDate: Wed Jun 07 21:12:09 +0000 2017 Text:  RT @jessicagm0: Não te chamas Justin Bieber https://t.co/9PlKIob5bJ


 UserName :Alyne 🍓  UserID: 4900146329 CreationDate: Fri Feb 12 03:06:51 +0000 2016  ScreenName: alynerfernandes
====================================================================================
MessageID :872561803779334145 CreationDate: Wed Jun 07 21:12:00 +0000 2017 Text:  RT @HugoGloss: Carpool: Ed Sheeran e James Corden cantam hits de Justin Bieber e One Direction! https://t.co/Yz8ZTp4gcD https://t.co/cZLxmm…


 UserName :fangirling  UserID: 721291174514946048 CreationDate: Sat Apr 16 10:56:31 +0000 2016  ScreenName: faihbieber
====================================================================================
MessageID :872561820489404416 CreationDate: Wed Jun 07 21:12:04 +0000 2017 Text:  RT @JBCrewdotcom: Justin Bieber via Bkstg: https://t.co/dl06QCbZCO


 UserName :§çäřļēț♓☯  UserID: 748568678032117760 CreationDate: Thu Jun 30 17:27:35 +0000 2016  ScreenName: _Scarlet_Kitty
====================================================================================
MessageID :872561871215308800 CreationDate: Wed Jun 07 21:12:16 +0000 2017 Text:  RT @Iyricart: The Feeling // Justin Bieber (feat. Halsey) https://t.co/9ZwlOcsEuk


 UserName :Yung Buck  UserID: 748568965736071168 CreationDate: Thu Jun 30 17:28:43 +0000 2016  ScreenName: ShmopyAxe
====================================================================================
MessageID :872561886021038081 CreationDate: Wed Jun 07 21:12:19 +0000 2017 Text:  RT @lilbratzzdoll: what a dickhead. https://t.co/TKyj5ZcuDB


 UserName :Fredrika  UserID: 782560840989962240 CreationDate: Sun Oct 02 12:40:18 +0000 2016  ScreenName: llemedol
====================================================================================
MessageID :872561788465942529 CreationDate: Wed Jun 07 21:11:56 +0000 2017 Text:  RT @JBCrewTour: (9) Another video of Justin Bieber onstage performing at the #PurposeTour at Den Store Sommerfesten in Stavanger, N… 
MessageID :872561805318639616 CreationDate: Wed Jun 07 21:12:00 +0000 2017 Text:  RT @JBCrewTour: (6) Another video of Justin Bieber onstage performing at the #PurposeTour at Den Store Sommerfesten in Stavanger, N… 
MessageID :872561831151382535 CreationDate: Wed Jun 07 21:12:06 +0000 2017 Text:  RT @JBCrewTour: (8) Another video of Justin Bieber onstage performing at the #PurposeTour at Den Store Sommerfesten in Stavanger, N… 
MessageID :872561848289292291 CreationDate: Wed Jun 07 21:12:10 +0000 2017 Text:  RT @JBCrewTour: (7) Another video of Justin Bieber onstage performing at the #PurposeTour at Den Store Sommerfesten in Stavanger, N… 


 UserName :nami®︎🇯🇵  UserID: 820610873060249600 CreationDate: Sun Jan 15 12:37:33 +0000 2017  ScreenName: nami_bluebird
====================================================================================
MessageID :872561861090197504 CreationDate: Wed Jun 07 21:12:13 +0000 2017 Text:  RT @JBCrewdotcom: More photos of Justin Bieber backstage with a Make-a-Wish fan after his show in Aarhus today. (June 5) https://t.co/f6yA5…
MessageID :872561885740126208 CreationDate: Wed Jun 07 21:12:19 +0000 2017 Text:  RT @JBCrewdotcom: (3) Another photo of Justin Bieber backstage with a Make-a-Wish fan after his show in Aarhus today. (June 5) https://t.co…


 UserName :Kea Bea  UserID: 845483840206364672 CreationDate: Sat Mar 25 03:53:50 +0000 2017  ScreenName: Kehyabea
====================================================================================
MessageID :872561775287259136 CreationDate: Wed Jun 07 21:11:53 +0000 2017 Text:  🤣🤣🤣🤣🤣🤣🤣🤣 So true https://t.co/5XwRWc7SP9


 UserName :Nisağğ  UserID: 868196241624182785 CreationDate: Fri May 26 20:04:49 +0000 2017  ScreenName: Nisaggg
====================================================================================
MessageID :872561845172916224 CreationDate: Wed Jun 07 21:12:09 +0000 2017 Text:  RT @JBCrewdotcom: Justin Bieber via Bkstg: https://t.co/dl06QCbZCO
MessageID :872561867297882113 CreationDate: Wed Jun 07 21:12:15 +0000 2017 Text:  RT @JBCrewTour: (22) More photos of Justin Bieber onstage performing at the #PurposeTour at Den Store Sommerfesten in Stavanger, No… 


 UserName :Jenny Sullivan  UserID: 872158135548497921 CreationDate: Tue Jun 06 18:27:58 +0000 2017  ScreenName: JennySu17177232
====================================================================================
MessageID :872561799454838784 CreationDate: Wed Jun 07 21:11:59 +0000 2017 Text:  Let's have a chat !  I learn here   https://t.co/RJmQNQlX36 https://t.co/Pq9cCvtfdi
=========================End of the User detail=======================================
